Copyright 1986-2019 Xilinx, Inc. All Rights Reserved.
------------------------------------------------------------------------------------------------------
| Tool Version : Vivado v.2019.1.1 (lin64) Build 2580384 Sat Jun 29 08:04:45 MDT 2019
| Date         : Fri Aug  6 23:02:12 2021
| Host         : seba-HP-ProBook-450-G6 running 64-bit Ubuntu 18.04.5 LTS
| Command      : report_drc -file fpga_drc_routed.rpt -pb fpga_drc_routed.pb -rpx fpga_drc_routed.rpx
| Design       : fpga
| Device       : xc7k325tffg676-2
| Speed File   : -2
| Design State : Fully Routed
------------------------------------------------------------------------------------------------------

Report DRC

Table of Contents
-----------------
1. REPORT SUMMARY
2. REPORT DETAILS

1. REPORT SUMMARY
-----------------
            Netlist: netlist
          Floorplan: design_1
      Design limits: <entire design considered>
           Ruledeck: default
             Max violations: <unlimited>
             Violations found: 0
+------+----------+-------------+------------+
| Rule | Severity | Description | Violations |
+------+----------+-------------+------------+
+------+----------+-------------+------------+

2. REPORT DETAILS
-----------------

